# JRE version: OpenJDK Runtime Environment (8.0_265-b01) (build 1.8.0_265-b01)
# Java VM: OpenJDK 64-Bit Server VM (25.265-b01 mixed mode bsd-amd64 compressed oops)
Heap:
 PSYoungGen      total 19968K, used 14730K [0x00000007beb00000, 0x00000007c0000000, 0x00000007c0000000)
  eden space 18432K, 76% used [0x00000007beb00000,0x00000007bf8ca938,0x00000007bfd00000)
  from space 1536K, 39% used [0x00000007bfe80000,0x00000007bff18000,0x00000007c0000000)
  to   space 1536K, 0% used [0x00000007bfd00000,0x00000007bfd00000,0x00000007bfe80000)
 ParOldGen       total 44032K, used 6402K [0x00000007bc000000, 0x00000007beb00000, 0x00000007beb00000)
  object space 44032K, 14% used [0x00000007bc000000,0x00000007bc640928,0x00000007beb00000)
 Metaspace       used 21371K, capacity 21688K, committed 21936K, reserved 1069056K
  class space    used 2548K, capacity 2646K, committed 2736K, reserved 1048576K
GC Heap History (10 events):
Event: 5.574 GC heap before
{Heap before GC invocations=33 (full 0):
 PSYoungGen      total 19968K, used 12534K [0x00000007beb00000, 0x00000007c0000000, 0x00000007c0000000)
  eden space 18432K, 66% used [0x00000007beb00000,0x00000007bf6f5dc0,0x00000007bfd00000)
  from space 1536K, 18% used [0x00000007bfe80000,0x00000007bfec7af8,0x00000007c0000000)
  to   space 1536K, 0% used [0x00000007bfd00000,0x00000007bfd00000,0x00000007bfe80000)
 ParOldGen       total 44032K, used 7345K [0x00000007bc000000, 0x00000007beb00000, 0x00000007beb00000)
  object space 44032K, 16% used [0x00000007bc000000,0x00000007bc72c5c0,0x00000007beb00000)
 Metaspace       used 20908K, capacity 21234K, committed 21296K, reserved 1069056K
  class space    used 2487K, capacity 2581K, committed 2608K, reserved 1048576K
Event: 5.585 GC heap after
Heap after GC invocations=33 (full 0):
 PSYoungGen      total 19968K, used 269K [0x00000007beb00000, 0x00000007c0000000, 0x00000007c0000000)
  eden space 18432K, 0% used [0x00000007beb00000,0x00000007beb00000,0x00000007bfd00000)
  from space 1536K, 17% used [0x00000007bfd00000,0x00000007bfd43708,0x00000007bfe80000)
  to   space 1536K, 0% used [0x00000007bfe80000,0x00000007bfe80000,0x00000007c0000000)
 ParOldGen       total 44032K, used 7409K [0x00000007bc000000, 0x00000007beb00000, 0x00000007beb00000)
  object space 44032K, 16% used [0x00000007bc000000,0x00000007bc73c5c0,0x00000007beb00000)
 Metaspace       used 20908K, capacity 21234K, committed 21296K, reserved 1069056K
  class space    used 2487K, capacity 2581K, committed 2608K, reserved 1048576K
}
Event: 5.585 GC heap before
{Heap before GC invocations=34 (full 1):
 PSYoungGen      total 19968K, used 269K [0x00000007beb00000, 0x00000007c0000000, 0x00000007c0000000)
  eden space 18432K, 0% used [0x00000007beb00000,0x00000007beb00000,0x00000007bfd00000)
  from space 1536K, 17% used [0x00000007bfd00000,0x00000007bfd43708,0x00000007bfe80000)
  to   space 1536K, 0% used [0x00000007bfe80000,0x00000007bfe80000,0x00000007c0000000)
 ParOldGen       total 44032K, used 7409K [0x00000007bc000000, 0x00000007beb00000, 0x00000007beb00000)
  object space 44032K, 16% used [0x00000007bc000000,0x00000007bc73c5c0,0x00000007beb00000)
 Metaspace       used 20908K, capacity 21234K, committed 21296K, reserved 1069056K
  class space    used 2487K, capacity 2581K, committed 2608K, reserved 1048576K
Event: 5.647 GC heap after
Heap after GC invocations=34 (full 1):
 PSYoungGen      total 19968K, used 0K [0x00000007beb00000, 0x00000007c0000000, 0x00000007c0000000)
  eden space 18432K, 0% used [0x00000007beb00000,0x00000007beb00000,0x00000007bfd00000)
  from space 1536K, 0% used [0x00000007bfd00000,0x00000007bfd00000,0x00000007bfe80000)
  to   space 1536K, 0% used [0x00000007bfe80000,0x00000007bfe80000,0x00000007c0000000)
 ParOldGen       total 44032K, used 6256K [0x00000007bc000000, 0x00000007beb00000, 0x00000007beb00000)
  object space 44032K, 14% used [0x00000007bc000000,0x00000007bc61c058,0x00000007beb00000)
 Metaspace       used 20908K, capacity 21234K, committed 21296K, reserved 1069056K
  class space    used 2487K, capacity 2581K, committed 2608K, reserved 1048576K
}
Event: 5.676 GC heap before
{Heap before GC invocations=35 (full 1):
 PSYoungGen      total 19968K, used 18432K [0x00000007beb00000, 0x00000007c0000000, 0x00000007c0000000)
  eden space 18432K, 100% used [0x00000007beb00000,0x00000007bfd00000,0x00000007bfd00000)
  from space 1536K, 0% used [0x00000007bfd00000,0x00000007bfd00000,0x00000007bfe80000)
  to   space 1536K, 0% used [0x00000007bfe80000,0x00000007bfe80000,0x00000007c0000000)
 ParOldGen       total 44032K, used 6256K [0x00000007bc000000, 0x00000007beb00000, 0x00000007beb00000)
  object space 44032K, 14% used [0x00000007bc000000,0x00000007bc61c058,0x00000007beb00000)
 Metaspace       used 21108K, capacity 21458K, committed 21680K, reserved 1069056K
  class space    used 2513K, capacity 2613K, committed 2736K, reserved 1048576K
Event: 5.677 GC heap after
Heap after GC invocations=35 (full 1):
 PSYoungGen      total 19968K, used 256K [0x00000007beb00000, 0x00000007c0000000, 0x00000007c0000000)
  eden space 18432K, 0% used [0x00000007beb00000,0x00000007beb00000,0x00000007bfd00000)
  from space 1536K, 16% used [0x00000007bfe80000,0x00000007bfec0000,0x00000007c0000000)
  to   space 1536K, 0% used [0x00000007bfd00000,0x00000007bfd00000,0x00000007bfe80000)
 ParOldGen       total 44032K, used 6256K [0x00000007bc000000, 0x00000007beb00000, 0x00000007beb00000)
  object space 44032K, 14% used [0x00000007bc000000,0x00000007bc61c058,0x00000007beb00000)
 Metaspace       used 21108K, capacity 21458K, committed 21680K, reserved 1069056K
  class space    used 2513K, capacity 2613K, committed 2736K, reserved 1048576K
}
Event: 5.694 GC heap before
{Heap before GC invocations=36 (full 1):
 PSYoungGen      total 19968K, used 18688K [0x00000007beb00000, 0x00000007c0000000, 0x00000007c0000000)
  eden space 18432K, 100% used [0x00000007beb00000,0x00000007bfd00000,0x00000007bfd00000)
  from space 1536K, 16% used [0x00000007bfe80000,0x00000007bfec0000,0x00000007c0000000)
  to   space 1536K, 0% used [0x00000007bfd00000,0x00000007bfd00000,0x00000007bfe80000)
 ParOldGen       total 44032K, used 6256K [0x00000007bc000000, 0x00000007beb00000, 0x00000007beb00000)
  object space 44032K, 14% used [0x00000007bc000000,0x00000007bc61c058,0x00000007beb00000)
 Metaspace       used 21201K, capacity 21522K, committed 21680K, reserved 1069056K
  class space    used 2524K, capacity 2613K, committed 2736K, reserved 1048576K
Event: 5.695 GC heap after
Heap after GC invocations=36 (full 1):
 PSYoungGen      total 19968K, used 192K [0x00000007beb00000, 0x00000007c0000000, 0x00000007c0000000)
  eden space 18432K, 0% used [0x00000007beb00000,0x00000007beb00000,0x00000007bfd00000)
  from space 1536K, 12% used [0x00000007bfd00000,0x00000007bfd30000,0x00000007bfe80000)
  to   space 1536K, 0% used [0x00000007bfe80000,0x00000007bfe80000,0x00000007c0000000)
 ParOldGen       total 44032K, used 6354K [0x00000007bc000000, 0x00000007beb00000, 0x00000007beb00000)
  object space 44032K, 14% used [0x00000007bc000000,0x00000007bc634928,0x00000007beb00000)
 Metaspace       used 21201K, capacity 21522K, committed 21680K, reserved 1069056K
  class space    used 2524K, capacity 2613K, committed 2736K, reserved 1048576K
}
Event: 5.802 GC heap before
{Heap before GC invocations=37 (full 1):
 PSYoungGen      total 19968K, used 18624K [0x00000007beb00000, 0x00000007c0000000, 0x00000007c0000000)
  eden space 18432K, 100% used [0x00000007beb00000,0x00000007bfd00000,0x00000007bfd00000)
  from space 1536K, 12% used [0x00000007bfd00000,0x00000007bfd30000,0x00000007bfe80000)
  to   space 1536K, 0% used [0x00000007bfe80000,0x00000007bfe80000,0x00000007c0000000)
 ParOldGen       total 44032K, used 6354K [0x00000007bc000000, 0x00000007beb00000, 0x00000007beb00000)
  object space 44032K, 14% used [0x00000007bc000000,0x00000007bc634928,0x00000007beb00000)
 Metaspace       used 21251K, capacity 21586K, committed 21936K, reserved 1069056K
  class space    used 2535K, capacity 2613K, committed 2736K, reserved 1048576K
Event: 5.804 GC heap after
Heap after GC invocations=37 (full 1):
 PSYoungGen      total 19968K, used 608K [0x00000007beb00000, 0x00000007c0000000, 0x00000007c0000000)
  eden space 18432K, 0% used [0x00000007beb00000,0x00000007beb00000,0x00000007bfd00000)
  from space 1536K, 39% used [0x00000007bfe80000,0x00000007bff18000,0x00000007c0000000)
  to   space 1536K, 0% used [0x00000007bfd00000,0x00000007bfd00000,0x00000007bfe80000)
 ParOldGen       total 44032K, used 6402K [0x00000007bc000000, 0x00000007beb00000, 0x00000007beb00000)
  object space 44032K, 14% used [0x00000007bc000000,0x00000007bc640928,0x00000007beb00000)
 Metaspace       used 21251K, capacity 21586K, committed 21936K, reserved 1069056K
  class space    used 2535K, capacity 2613K, committed 2736K, reserved 1048576K
}

